This is pdfTeX, Version 3.14159265-2.6-1.40.20 (TeX Live 2019/Debian) (preloaded format=pdflatex 2021.1.12)  7 JUL 2021 10:41
entering extended mode
 restricted \write18 enabled.
 file:line:error style messages enabled.
 %&-line parsing enabled.
**/home/thomas/Bureau/Internship_GSCOP/Internship-GSCOP21/tex/counterexample.tex
(/home/thomas/Bureau/Internship_GSCOP/Internship-GSCOP21/tex/counterexample.tex
LaTeX2e <2020-02-02> patch level 2
L3 programming layer <2020-02-14> (/usr/share/texlive/texmf-dist/tex/latex/base/article.cls
Document Class: article 2019/12/20 v1.4l Standard LaTeX document class
(/usr/share/texlive/texmf-dist/tex/latex/base/size12.clo
File: size12.clo 2019/12/20 v1.4l Standard LaTeX file (size option)
)
\c@part=\count167
\c@section=\count168
\c@subsection=\count169
\c@subsubsection=\count170
\c@paragraph=\count171
\c@subparagraph=\count172
\c@figure=\count173
\c@table=\count174
\abovecaptionskip=\skip47
\belowcaptionskip=\skip48
\bibindent=\dimen134
) (/usr/share/texlive/texmf-dist/tex/latex/amscls/amsthm.sty
Package: amsthm 2017/10/31 v2.20.4
\thm@style=\toks14
\thm@bodyfont=\toks15
\thm@headfont=\toks16
\thm@notefont=\toks17
\thm@headpunct=\toks18
\thm@preskip=\skip49
\thm@postskip=\skip50
\thm@headsep=\skip51
\dth@everypar=\toks19
) (/usr/share/texlive/texmf-dist/tex/latex/graphics/graphicx.sty
Package: graphicx 2019/11/30 v1.2a Enhanced LaTeX Graphics (DPC,SPQR)
 (/usr/share/texlive/texmf-dist/tex/latex/graphics/keyval.sty
Package: keyval 2014/10/28 v1.15 key=value parser (DPC)
\KV@toks@=\toks20
) (/usr/share/texlive/texmf-dist/tex/latex/graphics/graphics.sty
Package: graphics 2019/11/30 v1.4a Standard LaTeX Graphics (DPC,SPQR)
 (/usr/share/texlive/texmf-dist/tex/latex/graphics/trig.sty
Package: trig 2016/01/03 v1.10 sin cos tan (DPC)
) (/usr/share/texlive/texmf-dist/tex/latex/graphics-cfg/graphics.cfg
File: graphics.cfg 2016/06/04 v1.11 sample graphics configuration
)
Package graphics Info: Driver file: pdftex.def on input line 105.
 (/usr/share/texlive/texmf-dist/tex/latex/graphics-def/pdftex.def
File: pdftex.def 2018/01/08 v1.0l Graphics/color driver for pdftex
))
\Gin@req@height=\dimen135
\Gin@req@width=\dimen136
) (/usr/share/texlive/texmf-dist/tex/latex/l3backend/l3backend-pdfmode.def
File: l3backend-pdfmode.def 2020-02-03 L3 backend support: PDF mode
\l__kernel_color_stack_int=\count175
\l__pdf_internal_box=\box45
) (/home/thomas/Bureau/Internship_GSCOP/Internship-GSCOP21/tex/counterexample.aux)
\openout1 = `counterexample.aux'.

LaTeX Font Info:    Checking defaults for OML/cmm/m/it on input line 6.
LaTeX Font Info:    ... okay on input line 6.
LaTeX Font Info:    Checking defaults for OMS/cmsy/m/n on input line 6.
LaTeX Font Info:    ... okay on input line 6.
LaTeX Font Info:    Checking defaults for OT1/cmr/m/n on input line 6.
LaTeX Font Info:    ... okay on input line 6.
LaTeX Font Info:    Checking defaults for T1/cmr/m/n on input line 6.
LaTeX Font Info:    ... okay on input line 6.
LaTeX Font Info:    Checking defaults for TS1/cmr/m/n on input line 6.
LaTeX Font Info:    ... okay on input line 6.
LaTeX Font Info:    Checking defaults for OMX/cmex/m/n on input line 6.
LaTeX Font Info:    ... okay on input line 6.
LaTeX Font Info:    Checking defaults for U/cmr/m/n on input line 6.
LaTeX Font Info:    ... okay on input line 6.
 (/usr/share/texlive/texmf-dist/tex/context/base/mkii/supp-pdf.mkii
[Loading MPS to PDF converter (version 2006.09.02).]
\scratchcounter=\count176
\scratchdimen=\dimen137
\scratchbox=\box46
\nofMPsegments=\count177
\nofMParguments=\count178
\everyMPshowfont=\toks21
\MPscratchCnt=\count179
\MPscratchDim=\dimen138
\MPnumerator=\count180
\makeMPintoPDFobject=\count181
\everyMPtoPDFconversion=\toks22
) (/usr/share/texlive/texmf-dist/tex/latex/epstopdf-pkg/epstopdf-base.sty
Package: epstopdf-base 2020-01-24 v2.11 Base part for package epstopdf
Package epstopdf-base Info: Redefining graphics rule for `.eps' on input line 485.
 (/usr/share/texlive/texmf-dist/tex/latex/latexconfig/epstopdf-sys.cfg
File: epstopdf-sys.cfg 2010/07/13 v1.3 Configuration of (r)epstopdf for TeX Live
))
\c@definition=\count182
\c@theorem=\count183
LaTeX Font Info:    External font `cmex10' loaded for size
(Font)              <12> on input line 17.
LaTeX Font Info:    External font `cmex10' loaded for size
(Font)              <8> on input line 17.
LaTeX Font Info:    External font `cmex10' loaded for size
(Font)              <6> on input line 17.
<tex_images/8cube.png, id=1, 254.9525pt x 240.9pt>
File: tex_images/8cube.png Graphic file (type png)
<use tex_images/8cube.png>
Package pdftex.def Info: tex_images/8cube.png  used on input line 24.
(pdftex.def)             Requested size: 127.47592pt x 120.44969pt.

/home/thomas/Bureau/Internship_GSCOP/Internship-GSCOP21/tex/counterexample.tex:36: Missing { inserted.
<to be read again> 
                   ^
l.36     Then we obtain an other graph, $G^'
                                            $ by supressing $AB$, adding a v...
A left brace was mandatory here, so I've put one in.
You might want to delete and/or insert some corrections
so that I will find a matching right brace soon.
(If you're confused by all this, try typing `I}' now.)

/home/thomas/Bureau/Internship_GSCOP/Internship-GSCOP21/tex/counterexample.tex:36: Missing } inserted.
<inserted text> 
                }
l.36     Then we obtain an other graph, $G^'$
                                              by supressing $AB$, adding a v...
I've inserted something that you may have forgotten.
(See the <inserted text> above.)
With luck, this will get me unwedged. But if you
really didn't forget anything, try typing `2' now; then
my insertion and my current dilemma will both disappear.


Underfull \hbox (badness 10000) in paragraph at lines 33--37

 []

<tex_images/Gprime_uncolored.png, id=3, 353.32pt x 321.2pt>
File: tex_images/Gprime_uncolored.png Graphic file (type png)
<use tex_images/Gprime_uncolored.png>
Package pdftex.def Info: tex_images/Gprime_uncolored.png  used on input line 40.
(pdftex.def)             Requested size: 141.32549pt x 128.47772pt.

LaTeX Warning: `h' float specifier changed to `ht'.


Underfull \hbox (badness 10000) in paragraph at lines 50--53

 []

[1

{/var/lib/texmf/fonts/map/pdftex/updmap/pdftex.map} </home/thomas/Bureau/Internship_GSCOP/Internship-GSCOP21/tex/tex_images/8cube.png>]
<tex_images/case_1_1.png, id=16, 289.08pt x 295.1025pt>
File: tex_images/case_1_1.png Graphic file (type png)
<use tex_images/case_1_1.png>
Package pdftex.def Info: tex_images/case_1_1.png  used on input line 57.
(pdftex.def)             Requested size: 86.72466pt x 88.53142pt.
<tex_images/case_1_2.png, id=17, 288.07625pt x 285.065pt>
File: tex_images/case_1_2.png Graphic file (type png)
<use tex_images/case_1_2.png>
Package pdftex.def Info: tex_images/case_1_2.png  used on input line 58.
(pdftex.def)             Requested size: 86.42354pt x 85.52016pt.

Underfull \hbox (badness 10000) in paragraph at lines 61--64

 []

[2 </home/thomas/Bureau/Internship_GSCOP/Internship-GSCOP21/tex/tex_images/Gprime_uncolored.png> </home/thomas/Bureau/Internship_GSCOP/Internship-GSCOP21/tex/tex_images/case_1_1.png> </home/thomas/Bureau/Internship_GSCOP/Internship-GSCOP21/tex/tex_images/case_1_2.png>]
/home/thomas/Bureau/Internship_GSCOP/Internship-GSCOP21/tex/counterexample.tex:77: Missing { inserted.
<to be read again> 
                   ^
l.77     $G^'
             $ can be the intersection graph of axis parralel squares.
A left brace was mandatory here, so I've put one in.
You might want to delete and/or insert some corrections
so that I will find a matching right brace soon.
(If you're confused by all this, try typing `I}' now.)

/home/thomas/Bureau/Internship_GSCOP/Internship-GSCOP21/tex/counterexample.tex:77: Missing } inserted.
<inserted text> 
                }
l.77     $G^'$
               can be the intersection graph of axis parralel squares.
I've inserted something that you may have forgotten.
(See the <inserted text> above.)
With luck, this will get me unwedged. But if you
really didn't forget anything, try typing `2' now; then
my insertion and my current dilemma will both disappear.

<tex_images/8cube+_as_squares.png, id=24, 634.37pt x 641.39626pt>
File: tex_images/8cube+_as_squares.png Graphic file (type png)
<use tex_images/8cube+_as_squares.png>
Package pdftex.def Info: tex_images/8cube+_as_squares.png  used on input line 82.
(pdftex.def)             Requested size: 253.7435pt x 256.55396pt.
[3 </home/thomas/Bureau/Internship_GSCOP/Internship-GSCOP21/tex/tex_images/8cube+_as_squares.png>]
<tex_images/proof_1_4_1.png, id=28, 220.825pt x 273.02pt>
File: tex_images/proof_1_4_1.png Graphic file (type png)
<use tex_images/proof_1_4_1.png>
Package pdftex.def Info: tex_images/proof_1_4_1.png  used on input line 157.
(pdftex.def)             Requested size: 88.32843pt x 109.20605pt.


LaTeX Warning: `h' float specifier changed to `ht'.

/home/thomas/Bureau/Internship_GSCOP/Internship-GSCOP21/tex/counterexample.tex:169: Missing { inserted.
<to be read again> 
                   ^
l.169     $G^'
              $ can't be a intersection graph of unit squares.
A left brace was mandatory here, so I've put one in.
You might want to delete and/or insert some corrections
so that I will find a matching right brace soon.
(If you're confused by all this, try typing `I}' now.)

/home/thomas/Bureau/Internship_GSCOP/Internship-GSCOP21/tex/counterexample.tex:169: Missing } inserted.
<inserted text> 
                }
l.169     $G^'$
                can't be a intersection graph of unit squares.
I've inserted something that you may have forgotten.
(See the <inserted text> above.)
With luck, this will get me unwedged. But if you
really didn't forget anything, try typing `2' now; then
my insertion and my current dilemma will both disappear.

[4]
/home/thomas/Bureau/Internship_GSCOP/Internship-GSCOP21/tex/counterexample.tex:173: Missing { inserted.
<to be read again> 
                   ^
l.173 ...ll actually prove that a subgraph of $G^'
                                                  $ can't be done with unit ...
A left brace was mandatory here, so I've put one in.
You might want to delete and/or insert some corrections
so that I will find a matching right brace soon.
(If you're confused by all this, try typing `I}' now.)

/home/thomas/Bureau/Internship_GSCOP/Internship-GSCOP21/tex/counterexample.tex:173: Missing } inserted.
<inserted text> 
                }
l.173 ...l actually prove that a subgraph of $G^'$
                                                   can't be done with unit s...
I've inserted something that you may have forgotten.
(See the <inserted text> above.)
With luck, this will get me unwedged. But if you
really didn't forget anything, try typing `2' now; then
my insertion and my current dilemma will both disappear.

[5 </home/thomas/Bureau/Internship_GSCOP/Internship-GSCOP21/tex/tex_images/proof_1_4_1.png>] (/home/thomas/Bureau/Internship_GSCOP/Internship-GSCOP21/tex/counterexample.aux) ) 
Here is how much of TeX's memory you used:
 1314 strings out of 483183
 19839 string characters out of 5966292
 250904 words of memory out of 5000000
 16354 multiletter control sequences out of 15000+600000
 537276 words of font info for 40 fonts, out of 8000000 for 9000
 14 hyphenation exceptions out of 8191
 30i,7n,25p,277b,281s stack positions out of 5000i,500n,10000p,200000b,80000s
 </home/thomas/.texlive2019/texmf-var/fonts/pk/ljfour/jknappen/ec/tcrm1200.600pk></usr/share/texlive/texmf-dist/fonts/type1/public/amsfonts/cm/cmbx12.pfb></usr/share/texlive/texmf-dist/fonts/type1/public/amsfonts/cm/cmmi12.pfb></usr/share/texlive/texmf-dist/fonts/type1/public/amsfonts/cm/cmmi8.pfb></usr/share/texlive/texmf-dist/fonts/type1/public/amsfonts/cm/cmr12.pfb></usr/share/texlive/texmf-dist/fonts/type1/public/amsfonts/cm/cmr8.pfb></usr/share/texlive/texmf-dist/fonts/type1/public/amsfonts/cm/cmsy10.pfb></usr/share/texlive/texmf-dist/fonts/type1/public/amsfonts/cm/cmsy6.pfb></usr/share/texlive/texmf-dist/fonts/type1/public/amsfonts/cm/cmsy8.pfb></usr/share/texlive/texmf-dist/fonts/type1/public/amsfonts/cm/cmti12.pfb>
Output written on /home/thomas/Bureau/Internship_GSCOP/Internship-GSCOP21/tex/counterexample.pdf (5 pages, 150170 bytes).
PDF statistics:
 73 PDF objects out of 1000 (max. 8388607)
 44 compressed objects within 1 object stream
 0 named destinations out of 1000 (max. 500000)
 31 words of extra memory for PDF output out of 10000 (max. 10000000)

